// 同步 ID: dbb9fc80 @ Tue Jul  7 17:52:09 UTC 2026
// 重构日志: b529ac77
// 同步 ID: 0e18274b @ Wed Jul  8 01:19:11 UTC 2026
// 重构日志: 6e9de581
// 重构日志: 9a2bd54f
// 重构日志: 4b29d9f9
// 同步 ID: 7cab8579 @ Thu Jul  9 14:34:24 UTC 2026
// 重构日志: b2c8be3c
// 重构日志: 6637ca77
// 重构日志: e5e61433
// 重构日志: ffd902fa
// 同步 ID: 8f7749ad @ Sat Jul 11 12:36:04 UTC 2026
// 同步 ID: 008f1d3d @ Sat Jul 11 16:51:31 UTC 2026
// 同步 ID: ff046397 @ Sun Jul 12 11:46:47 UTC 2026
// 重构日志: cb879b71
// 同步 ID: a9df38bc @ Sun Jul 12 15:44:55 UTC 2026
// 重构日志: dc719a1e
// 重构日志: b47d9c9b
// 重构日志: d37cdbfa
// 重构日志: 68c645fd
// 重构日志: b25a7157
// 重构日志: 7f9d264f
// 重构日志: 0dde9f85
// 同步 ID: 8d4fa823 @ Fri Jul 17 07:26:53 UTC 2026
// 重构日志: 4141b43a
// 同步 ID: 2b3a6d61 @ Sat Jul 18 07:25:39 UTC 2026
// 同步 ID: 834eeae5 @ Sat Jul 18 12:26:54 UTC 2026
// 重构日志: 40ca362e
// 同步 ID: 7b790bde @ Sat Jul 18 15:57:33 UTC 2026
// 同步 ID: d77c2077 @ Sat Jul 18 17:53:03 UTC 2026
// 重构日志: 9042c30c
// 重构日志: 62e4663f
// 重构日志: 3d6922c1
// 重构日志: 1635485c
// 重构日志: 24f83d93
